[ 2017-04-20T09:02:06+08:00 ] 127.0.0.1 /index.php/index/index/index
INFO: [ app_init ] --START--
INFO: Run Behavior\BuildLiteBehavior [ RunTime:0.000000s ]
INFO: [ app_init ] --END-- [ RunTime:0.017001s ]
INFO: [ app_begin ] --START--
INFO: Run Behavior\ReadHtmlCacheBehavior [ RunTime:0.011001s ]
INFO: [ app_begin ] --END-- [ RunTime:0.011001s ]
NOTIC: [8] Undefined index: echostr D:\phpStudy\WWW\wx_project\ThinkPHP\Library\Vendor\wx_sample.php 第 15 行.
NOTIC: [8] Undefined index: signature D:\phpStudy\WWW\wx_project\ThinkPHP\Library\Vendor\wx_sample.php 第 63 行.
NOTIC: [8] Undefined index: timestamp D:\phpStudy\WWW\wx_project\ThinkPHP\Library\Vendor\wx_sample.php 第 64 行.
NOTIC: [8] Undefined index: nonce D:\phpStudy\WWW\wx_project\ThinkPHP\Library\Vendor\wx_sample.php 第 65 行.
NOTIC: [8] Undefined index: echostr D:\phpStudy\WWW\wx_project\ThinkPHP\Library\Vendor\wx_sample.php 第 15 行.
NOTIC: [8] Undefined index: signature D:\phpStudy\WWW\wx_project\ThinkPHP\Library\Vendor\wx_sample.php 第 63 行.
NOTIC: [8] Undefined index: timestamp D:\phpStudy\WWW\wx_project\ThinkPHP\Library\Vendor\wx_sample.php 第 64 行.
NOTIC: [8] Undefined index: nonce D:\phpStudy\WWW\wx_project\ThinkPHP\Library\Vendor\wx_sample.php 第 65 行.
SQL: SHOW COLUMNS FROM `pt_goods` [ RunTime:0.0390s ]
SQL: SHOW COLUMNS FROM `pt_banner` [ RunTime:0.0290s ]
SQL: SHOW COLUMNS FROM `pt_shop` [ RunTime:0.0230s ]
SQL: SELECT * FROM `pt_goods` WHERE `status` = 1  [ RunTime:0.0000s ]
SQL: SELECT `shopname` FROM `pt_shop` WHERE `id` = 94 AND (  status=1 ) LIMIT 1   [ RunTime:0.0010s ]
SQL: SELECT `shopname` FROM `pt_shop` WHERE `id` = 22 AND (  status=1 ) LIMIT 1   [ RunTime:0.0000s ]
SQL: SELECT `shopname` FROM `pt_shop` WHERE `id` = 103 AND (  status=1 ) LIMIT 1   [ RunTime:0.0000s ]
SQL: SELECT * FROM `pt_banner` LIMIT 1   [ RunTime:0.0000s ]
INFO: [ view_parse ] --START--
INFO: [ template_filter ] --START--
INFO: Run Behavior\ContentReplaceBehavior [ RunTime:0.010000s ]
INFO: [ template_filter ] --END-- [ RunTime:0.010000s ]
INFO: Run Behavior\ParseTemplateBehavior [ RunTime:0.050003s ]
INFO: [ view_parse ] --END-- [ RunTime:0.050003s ]
INFO: [ view_filter ] --START--
INFO: Run Behavior\WriteHtmlCacheBehavior [ RunTime:0.005000s ]
INFO: [ view_filter ] --END-- [ RunTime:0.005000s ]
INFO: [ app_end ] --START--
INFO: Run Behavior\ShowPageTraceBehavior [ RunTime:0.001000s ]
INFO: [ app_end ] --END-- [ RunTime:0.001000s ]

[ 2017-04-20T09:36:25+08:00 ] 127.0.0.1 /index.php/index/index/login/openid/oixoqxEe4bsMlrrypS3mIUmjOieQ.html
INFO: [ app_init ] --START--
INFO: Run Behavior\BuildLiteBehavior [ RunTime:0.000000s ]
INFO: [ app_init ] --END-- [ RunTime:0.013001s ]
INFO: [ app_begin ] --START--
INFO: Run Behavior\ReadHtmlCacheBehavior [ RunTime:0.003000s ]
INFO: [ app_begin ] --END-- [ RunTime:0.003000s ]
INFO: [ view_parse ] --START--
INFO: [ template_filter ] --START--
INFO: Run Behavior\ContentReplaceBehavior [ RunTime:0.000000s ]
INFO: [ template_filter ] --END-- [ RunTime:0.001000s ]
INFO: Run Behavior\ParseTemplateBehavior [ RunTime:0.019001s ]
INFO: [ view_parse ] --END-- [ RunTime:0.019001s ]
INFO: [ view_filter ] --START--
INFO: Run Behavior\WriteHtmlCacheBehavior [ RunTime:0.001000s ]
INFO: [ view_filter ] --END-- [ RunTime:0.002000s ]
INFO: [ app_end ] --START--
INFO: Run Behavior\ShowPageTraceBehavior [ RunTime:0.002000s ]
INFO: [ app_end ] --END-- [ RunTime:0.002000s ]

[ 2017-04-20T10:06:07+08:00 ] 127.0.0.1 /index.php/index/index/index
INFO: [ app_init ] --START--
INFO: Run Behavior\BuildLiteBehavior [ RunTime:0.000000s ]
INFO: [ app_init ] --END-- [ RunTime:0.001000s ]
INFO: [ app_begin ] --START--
INFO: Run Behavior\ReadHtmlCacheBehavior [ RunTime:0.002000s ]
INFO: [ app_begin ] --END-- [ RunTime:0.002000s ]
NOTIC: [8] Undefined index: echostr D:\phpStudy\WWW\wx_project\ThinkPHP\Library\Vendor\wx_sample.php 第 15 行.
NOTIC: [8] Undefined index: signature D:\phpStudy\WWW\wx_project\ThinkPHP\Library\Vendor\wx_sample.php 第 63 行.
NOTIC: [8] Undefined index: timestamp D:\phpStudy\WWW\wx_project\ThinkPHP\Library\Vendor\wx_sample.php 第 64 行.
NOTIC: [8] Undefined index: nonce D:\phpStudy\WWW\wx_project\ThinkPHP\Library\Vendor\wx_sample.php 第 65 行.
NOTIC: [8] Undefined index: echostr D:\phpStudy\WWW\wx_project\ThinkPHP\Library\Vendor\wx_sample.php 第 15 行.
NOTIC: [8] Undefined index: signature D:\phpStudy\WWW\wx_project\ThinkPHP\Library\Vendor\wx_sample.php 第 63 行.
NOTIC: [8] Undefined index: timestamp D:\phpStudy\WWW\wx_project\ThinkPHP\Library\Vendor\wx_sample.php 第 64 行.
NOTIC: [8] Undefined index: nonce D:\phpStudy\WWW\wx_project\ThinkPHP\Library\Vendor\wx_sample.php 第 65 行.
SQL: SHOW COLUMNS FROM `pt_goods` [ RunTime:0.0120s ]
SQL: SHOW COLUMNS FROM `pt_banner` [ RunTime:0.0100s ]
SQL: SHOW COLUMNS FROM `pt_shop` [ RunTime:0.0110s ]
SQL: SELECT * FROM `pt_goods` WHERE `status` = 1  [ RunTime:0.0010s ]
SQL: SELECT `shopname` FROM `pt_shop` WHERE `id` = 94 AND (  status=1 ) LIMIT 1   [ RunTime:0.0000s ]
SQL: SELECT `shopname` FROM `pt_shop` WHERE `id` = 22 AND (  status=1 ) LIMIT 1   [ RunTime:0.0000s ]
SQL: SELECT `shopname` FROM `pt_shop` WHERE `id` = 103 AND (  status=1 ) LIMIT 1   [ RunTime:0.0000s ]
SQL: SELECT * FROM `pt_banner` LIMIT 1   [ RunTime:0.0010s ]
INFO: [ view_parse ] --START--
INFO: [ template_filter ] --START--
INFO: Run Behavior\ContentReplaceBehavior [ RunTime:0.000000s ]
INFO: [ template_filter ] --END-- [ RunTime:0.000000s ]
INFO: Run Behavior\ParseTemplateBehavior [ RunTime:0.021001s ]
INFO: [ view_parse ] --END-- [ RunTime:0.022001s ]
INFO: [ view_filter ] --START--
INFO: Run Behavior\WriteHtmlCacheBehavior [ RunTime:0.002000s ]
INFO: [ view_filter ] --END-- [ RunTime:0.002000s ]
INFO: [ app_end ] --START--
INFO: Run Behavior\ShowPageTraceBehavior [ RunTime:0.002000s ]
INFO: [ app_end ] --END-- [ RunTime:0.002000s ]

[ 2017-04-20T10:06:11+08:00 ] 127.0.0.1 /index.php/index/index/login/openid/oixoqxEe4bsMlrrypS3mIUmjOieQ.html
INFO: [ app_init ] --START--
INFO: Run Behavior\BuildLiteBehavior [ RunTime:0.000000s ]
INFO: [ app_init ] --END-- [ RunTime:0.001000s ]
INFO: [ app_begin ] --START--
INFO: Run Behavior\ReadHtmlCacheBehavior [ RunTime:0.001000s ]
INFO: [ app_begin ] --END-- [ RunTime:0.001000s ]
INFO: [ view_parse ] --START--
INFO: [ template_filter ] --START--
INFO: Run Behavior\ContentReplaceBehavior [ RunTime:0.000000s ]
INFO: [ template_filter ] --END-- [ RunTime:0.000000s ]
INFO: Run Behavior\ParseTemplateBehavior [ RunTime:0.014001s ]
INFO: [ view_parse ] --END-- [ RunTime:0.015001s ]
INFO: [ view_filter ] --START--
INFO: Run Behavior\WriteHtmlCacheBehavior [ RunTime:0.006001s ]
INFO: [ view_filter ] --END-- [ RunTime:0.006001s ]
INFO: [ app_end ] --START--
INFO: Run Behavior\ShowPageTraceBehavior [ RunTime:0.001000s ]
INFO: [ app_end ] --END-- [ RunTime:0.001000s ]

[ 2017-04-20T10:06:16+08:00 ] 127.0.0.1 /index.php/index/index/mycoupons.html
INFO: [ app_init ] --START--
INFO: Run Behavior\BuildLiteBehavior [ RunTime:0.000000s ]
INFO: [ app_init ] --END-- [ RunTime:0.001000s ]
INFO: [ app_begin ] --START--
INFO: Run Behavior\ReadHtmlCacheBehavior [ RunTime:0.002000s ]
INFO: [ app_begin ] --END-- [ RunTime:0.002000s ]
NOTIC: [8] Use of undefined constant oixoqxEe4bsMlrrypS3mIUfjOieQ - assumed 'oixoqxEe4bsMlrrypS3mIUfjOieQ' D:\phpStudy\WWW\wx_project\Application\Index\Controller\IndexController.class.php 第 181 行.
SQL: SHOW COLUMNS FROM `pt_order` [ RunTime:0.0120s ]
SQL: SHOW COLUMNS FROM `pt_order` [ RunTime:0.0110s ]
SQL: SELECT a.is_use,b.*,c.shopname FROM pt_order a INNER JOIN pt_goods b on a.gid=b.id INNER JOIN pt_shop c on b.sid=c.id  WHERE a.status = 2 AND a.wx_openid = 'oixoqxEe4bsMlrrypS3mIUfjOieQ' ORDER BY a.id desc  [ RunTime:0.0140s ]
INFO: [ view_parse ] --START--
INFO: [ template_filter ] --START--
INFO: Run Behavior\ContentReplaceBehavior [ RunTime:0.000000s ]
INFO: [ template_filter ] --END-- [ RunTime:0.001000s ]
INFO: Run Behavior\ParseTemplateBehavior [ RunTime:0.018001s ]
INFO: [ view_parse ] --END-- [ RunTime:0.018001s ]
INFO: [ view_filter ] --START--
INFO: Run Behavior\WriteHtmlCacheBehavior [ RunTime:0.001000s ]
INFO: [ view_filter ] --END-- [ RunTime:0.001000s ]
INFO: [ app_end ] --START--
INFO: Run Behavior\ShowPageTraceBehavior [ RunTime:0.002000s ]
INFO: [ app_end ] --END-- [ RunTime:0.002000s ]

[ 2017-04-20T10:06:17+08:00 ] 127.0.0.1 /index.php/index/index/images/shop1.png
INFO: [ app_init ] --START--
INFO: Run Behavior\BuildLiteBehavior [ RunTime:0.000000s ]
INFO: [ app_init ] --END-- [ RunTime:0.001000s ]

[ 2017-04-20T10:06:17+08:00 ] 127.0.0.1 /index.php/index/index/images/juan2.png
INFO: [ app_init ] --START--
INFO: Run Behavior\BuildLiteBehavior [ RunTime:0.000000s ]
INFO: [ app_init ] --END-- [ RunTime:0.009001s ]

[ 2017-04-20T10:06:21+08:00 ] 127.0.0.1 /index.php/index/index/mycoupons.html
INFO: [ app_init ] --START--
INFO: Run Behavior\BuildLiteBehavior [ RunTime:0.000000s ]
INFO: [ app_init ] --END-- [ RunTime:0.003000s ]
INFO: [ app_begin ] --START--
INFO: Run Behavior\ReadHtmlCacheBehavior [ RunTime:0.002000s ]
INFO: [ app_begin ] --END-- [ RunTime:0.002000s ]
NOTIC: [8] Use of undefined constant oixoqxEe4bsMlrrypS3mIUfjOieQ - assumed 'oixoqxEe4bsMlrrypS3mIUfjOieQ' D:\phpStudy\WWW\wx_project\Application\Index\Controller\IndexController.class.php 第 181 行.
SQL: SHOW COLUMNS FROM `pt_order` [ RunTime:0.0100s ]
SQL: SHOW COLUMNS FROM `pt_order` [ RunTime:0.0130s ]
SQL: SELECT a.is_use,b.*,c.shopname FROM pt_order a INNER JOIN pt_goods b on a.gid=b.id INNER JOIN pt_shop c on b.sid=c.id  WHERE a.status = 2 AND a.wx_openid = 'oixoqxEe4bsMlrrypS3mIUfjOieQ' ORDER BY a.id desc  [ RunTime:0.0100s ]
INFO: [ view_parse ] --START--
INFO: [ template_filter ] --START--
INFO: Run Behavior\ContentReplaceBehavior [ RunTime:0.000000s ]
INFO: [ template_filter ] --END-- [ RunTime:0.002000s ]
INFO: Run Behavior\ParseTemplateBehavior [ RunTime:0.018001s ]
INFO: [ view_parse ] --END-- [ RunTime:0.019001s ]
INFO: [ view_filter ] --START--
INFO: Run Behavior\WriteHtmlCacheBehavior [ RunTime:0.001000s ]
INFO: [ view_filter ] --END-- [ RunTime:0.001000s ]
INFO: [ app_end ] --START--
INFO: Run Behavior\ShowPageTraceBehavior [ RunTime:0.001000s ]
INFO: [ app_end ] --END-- [ RunTime:0.003000s ]

[ 2017-04-20T10:06:21+08:00 ] 127.0.0.1 /index.php/index/index/images/shop1.png
INFO: [ app_init ] --START--
INFO: Run Behavior\BuildLiteBehavior [ RunTime:0.000000s ]
INFO: [ app_init ] --END-- [ RunTime:0.001001s ]

[ 2017-04-20T10:06:21+08:00 ] 127.0.0.1 /index.php/index/index/images/juan2.png
INFO: [ app_init ] --START--
INFO: Run Behavior\BuildLiteBehavior [ RunTime:0.000000s ]
INFO: [ app_init ] --END-- [ RunTime:0.000000s ]

[ 2017-04-20T10:06:26+08:00 ] 127.0.0.1 /index.php/index/index/login/openid/oixoqxEe4bsMlrrypS3mIUmjOieQ.html
INFO: [ app_init ] --START--
INFO: Run Behavior\BuildLiteBehavior [ RunTime:0.000000s ]
INFO: [ app_init ] --END-- [ RunTime:0.001000s ]
INFO: [ app_begin ] --START--
INFO: Run Behavior\ReadHtmlCacheBehavior [ RunTime:0.001000s ]
INFO: [ app_begin ] --END-- [ RunTime:0.001000s ]
INFO: [ view_parse ] --START--
INFO: [ template_filter ] --START--
INFO: Run Behavior\ContentReplaceBehavior [ RunTime:0.000000s ]
INFO: [ template_filter ] --END-- [ RunTime:0.000000s ]
INFO: Run Behavior\ParseTemplateBehavior [ RunTime:0.016001s ]
INFO: [ view_parse ] --END-- [ RunTime:0.016001s ]
INFO: [ view_filter ] --START--
INFO: Run Behavior\WriteHtmlCacheBehavior [ RunTime:0.001000s ]
INFO: [ view_filter ] --END-- [ RunTime:0.001000s ]
INFO: [ app_end ] --START--
INFO: Run Behavior\ShowPageTraceBehavior [ RunTime:0.001000s ]
INFO: [ app_end ] --END-- [ RunTime:0.001000s ]

[ 2017-04-20T10:07:02+08:00 ] 127.0.0.1 /index.php/index/index/login/openid/oixoqxEe4bsMlrrypS3mIUmjOieQ.html
INFO: [ app_init ] --START--
INFO: Run Behavior\BuildLiteBehavior [ RunTime:0.000000s ]
INFO: [ app_init ] --END-- [ RunTime:0.001000s ]
INFO: [ app_begin ] --START--
INFO: Run Behavior\ReadHtmlCacheBehavior [ RunTime:0.003000s ]
INFO: [ app_begin ] --END-- [ RunTime:0.003000s ]
INFO: [ view_parse ] --START--
INFO: [ template_filter ] --START--
INFO: Run Behavior\ContentReplaceBehavior [ RunTime:0.000000s ]
INFO: [ template_filter ] --END-- [ RunTime:0.000000s ]
INFO: Run Behavior\ParseTemplateBehavior [ RunTime:0.018001s ]
INFO: [ view_parse ] --END-- [ RunTime:0.018001s ]
INFO: [ view_filter ] --START--
INFO: Run Behavior\WriteHtmlCacheBehavior [ RunTime:0.001000s ]
INFO: [ view_filter ] --END-- [ RunTime:0.001000s ]
INFO: [ app_end ] --START--
INFO: Run Behavior\ShowPageTraceBehavior [ RunTime:0.002000s ]
INFO: [ app_end ] --END-- [ RunTime:0.002000s ]

[ 2017-04-20T10:07:18+08:00 ] 127.0.0.1 /index.php/index/index/checklogin.html
INFO: [ app_init ] --START--
INFO: Run Behavior\BuildLiteBehavior [ RunTime:0.000000s ]
INFO: [ app_init ] --END-- [ RunTime:0.001000s ]
INFO: [ app_begin ] --START--
INFO: Run Behavior\ReadHtmlCacheBehavior [ RunTime:0.002001s ]
INFO: [ app_begin ] --END-- [ RunTime:0.002001s ]
SQL: SHOW COLUMNS FROM `pt_user` [ RunTime:0.0120s ]
SQL: SHOW COLUMNS FROM `pt_shop` [ RunTime:0.0110s ]
SQL: SELECT * FROM `pt_user` WHERE `name` = '张毅1' AND `phone` = '13051851173'  [ RunTime:0.0010s ]
SQL: SELECT * FROM `pt_shop` WHERE `name` = '张毅1' AND `phone` = '13051851173'  [ RunTime:0.0010s ]
SQL: UPDATE `pt_shop` SET `openid`='oixoqxEe4bsMlrrypS3mIUmjOieQ' WHERE `name` = '张毅1' AND `phone` = '13051851173' [ RunTime:0.0010s ]
INFO: [ view_parse ] --START--
INFO: [ template_filter ] --START--
INFO: Run Behavior\ContentReplaceBehavior [ RunTime:0.001000s ]
INFO: [ template_filter ] --END-- [ RunTime:0.001000s ]
INFO: Run Behavior\ParseTemplateBehavior [ RunTime:0.016001s ]
INFO: [ view_parse ] --END-- [ RunTime:0.016001s ]
INFO: [ view_filter ] --START--
INFO: Run Behavior\WriteHtmlCacheBehavior [ RunTime:0.001000s ]
INFO: [ view_filter ] --END-- [ RunTime:0.001000s ]
INFO: [ app_end ] --START--
INFO: Run Behavior\ShowPageTraceBehavior [ RunTime:0.001000s ]
INFO: [ app_end ] --END-- [ RunTime:0.001000s ]

[ 2017-04-20T10:07:20+08:00 ] 127.0.0.1 /index.php/index/index/showboss/id/94.html
INFO: [ app_init ] --START--
INFO: Run Behavior\BuildLiteBehavior [ RunTime:0.000000s ]
INFO: [ app_init ] --END-- [ RunTime:0.001000s ]
INFO: [ app_begin ] --START--
INFO: Run Behavior\ReadHtmlCacheBehavior [ RunTime:0.001000s ]
INFO: [ app_begin ] --END-- [ RunTime:0.001000s ]
SQL: SHOW COLUMNS FROM `pt_user` [ RunTime:0.0100s ]
SQL: SHOW COLUMNS FROM `pt_order` [ RunTime:0.0130s ]
SQL: SHOW COLUMNS FROM `pt_shop` [ RunTime:0.0100s ]
SQL: SELECT * FROM `pt_shop` WHERE ( id =94 ) LIMIT 1   [ RunTime:0.0020s ]
SQL: SELECT * FROM `pt_user` WHERE ( sid =94 ) ORDER BY `id` desc  [ RunTime:0.0010s ]
SQL: SELECT * FROM `pt_order` WHERE `share_openid` = 'oixoqxEe4bsMlrrypS3mIUmjOieQ' AND `status` = 2  [ RunTime:0.0020s ]
SQL: SELECT * FROM `pt_order` WHERE `share_openid` = 'oixoqxEe4bsMlrrypS3mIUmjOieQ' AND `status` = 2  [ RunTime:0.0010s ]
SQL: SELECT * FROM `pt_order` WHERE `share_openid` = 'oixoqxEe4bsMlrrypS3mIUmjOieQ' AND `status` = 2  [ RunTime:0.0010s ]
INFO: [ view_parse ] --START--
INFO: [ template_filter ] --START--
INFO: Run Behavior\ContentReplaceBehavior [ RunTime:0.000000s ]
INFO: [ template_filter ] --END-- [ RunTime:0.000000s ]
INFO: Run Behavior\ParseTemplateBehavior [ RunTime:0.016001s ]
INFO: [ view_parse ] --END-- [ RunTime:0.016001s ]
INFO: [ view_filter ] --START--
INFO: Run Behavior\WriteHtmlCacheBehavior [ RunTime:0.001000s ]
INFO: [ view_filter ] --END-- [ RunTime:0.001000s ]
INFO: [ app_end ] --START--
INFO: Run Behavior\ShowPageTraceBehavior [ RunTime:0.001000s ]
INFO: [ app_end ] --END-- [ RunTime:0.001000s ]

[ 2017-04-20T10:47:51+08:00 ] 127.0.0.1 /index.php/index/index/index
INFO: [ app_init ] --START--
INFO: Run Behavior\BuildLiteBehavior [ RunTime:0.000000s ]
INFO: [ app_init ] --END-- [ RunTime:0.001000s ]
INFO: [ app_begin ] --START--
INFO: Run Behavior\ReadHtmlCacheBehavior [ RunTime:0.001000s ]
INFO: [ app_begin ] --END-- [ RunTime:0.002000s ]

[ 2017-04-20T10:48:01+08:00 ] 127.0.0.1 /index.php/index/index/index
INFO: [ app_init ] --START--
INFO: Run Behavior\BuildLiteBehavior [ RunTime:0.000000s ]
INFO: [ app_init ] --END-- [ RunTime:0.001001s ]
INFO: [ app_begin ] --START--
INFO: Run Behavior\ReadHtmlCacheBehavior [ RunTime:0.002000s ]
INFO: [ app_begin ] --END-- [ RunTime:0.002000s ]
NOTIC: [8] Undefined index: echostr D:\phpStudy\WWW\wx_project\ThinkPHP\Library\Vendor\wx_sample.php 第 15 行.
NOTIC: [8] Undefined index: signature D:\phpStudy\WWW\wx_project\ThinkPHP\Library\Vendor\wx_sample.php 第 63 行.
NOTIC: [8] Undefined index: timestamp D:\phpStudy\WWW\wx_project\ThinkPHP\Library\Vendor\wx_sample.php 第 64 行.
NOTIC: [8] Undefined index: nonce D:\phpStudy\WWW\wx_project\ThinkPHP\Library\Vendor\wx_sample.php 第 65 行.
NOTIC: [8] Undefined index: echostr D:\phpStudy\WWW\wx_project\ThinkPHP\Library\Vendor\wx_sample.php 第 15 行.
NOTIC: [8] Undefined index: signature D:\phpStudy\WWW\wx_project\ThinkPHP\Library\Vendor\wx_sample.php 第 63 行.
NOTIC: [8] Undefined index: timestamp D:\phpStudy\WWW\wx_project\ThinkPHP\Library\Vendor\wx_sample.php 第 64 行.
NOTIC: [8] Undefined index: nonce D:\phpStudy\WWW\wx_project\ThinkPHP\Library\Vendor\wx_sample.php 第 65 行.
SQL: SHOW COLUMNS FROM `pt_goods` [ RunTime:0.0120s ]
SQL: SHOW COLUMNS FROM `pt_banner` [ RunTime:0.0100s ]
SQL: SHOW COLUMNS FROM `pt_shop` [ RunTime:0.0100s ]
SQL: SELECT * FROM `pt_goods` WHERE `status` = 1  [ RunTime:0.0010s ]
SQL: SELECT `shopname` FROM `pt_shop` WHERE `id` = 94 AND (  status=1 ) LIMIT 1   [ RunTime:0.0010s ]
SQL: SELECT `shopname` FROM `pt_shop` WHERE `id` = 22 AND (  status=1 ) LIMIT 1   [ RunTime:0.0010s ]
SQL: SELECT `shopname` FROM `pt_shop` WHERE `id` = 103 AND (  status=1 ) LIMIT 1   [ RunTime:0.0010s ]
SQL: SELECT * FROM `pt_shop` WHERE `openid` = 'oixoqxEe4bsMlrrypS3mIUmjOieQ' LIMIT 1   [ RunTime:0.0010s ]
NOTIC: [8] Undefined variable: user D:\phpStudy\WWW\wx_project\Application\Index\Controller\IndexController.class.php 第 34 行.

[ 2017-04-20T10:48:10+08:00 ] 127.0.0.1 /index.php/index/index/index
INFO: [ app_init ] --START--
INFO: Run Behavior\BuildLiteBehavior [ RunTime:0.000000s ]
INFO: [ app_init ] --END-- [ RunTime:0.001000s ]
INFO: [ app_begin ] --START--
INFO: Run Behavior\ReadHtmlCacheBehavior [ RunTime:0.002000s ]
INFO: [ app_begin ] --END-- [ RunTime:0.002000s ]
NOTIC: [8] Undefined index: echostr D:\phpStudy\WWW\wx_project\ThinkPHP\Library\Vendor\wx_sample.php 第 15 行.
NOTIC: [8] Undefined index: signature D:\phpStudy\WWW\wx_project\ThinkPHP\Library\Vendor\wx_sample.php 第 63 行.
NOTIC: [8] Undefined index: timestamp D:\phpStudy\WWW\wx_project\ThinkPHP\Library\Vendor\wx_sample.php 第 64 行.
NOTIC: [8] Undefined index: nonce D:\phpStudy\WWW\wx_project\ThinkPHP\Library\Vendor\wx_sample.php 第 65 行.
NOTIC: [8] Undefined index: echostr D:\phpStudy\WWW\wx_project\ThinkPHP\Library\Vendor\wx_sample.php 第 15 行.
NOTIC: [8] Undefined index: signature D:\phpStudy\WWW\wx_project\ThinkPHP\Library\Vendor\wx_sample.php 第 63 行.
NOTIC: [8] Undefined index: timestamp D:\phpStudy\WWW\wx_project\ThinkPHP\Library\Vendor\wx_sample.php 第 64 行.
NOTIC: [8] Undefined index: nonce D:\phpStudy\WWW\wx_project\ThinkPHP\Library\Vendor\wx_sample.php 第 65 行.
SQL: SHOW COLUMNS FROM `pt_goods` [ RunTime:0.0100s ]
SQL: SHOW COLUMNS FROM `pt_banner` [ RunTime:0.0090s ]
SQL: SHOW COLUMNS FROM `pt_shop` [ RunTime:0.0100s ]
SQL: SELECT * FROM `pt_goods` WHERE `status` = 1  [ RunTime:0.0010s ]
SQL: SELECT `shopname` FROM `pt_shop` WHERE `id` = 94 AND (  status=1 ) LIMIT 1   [ RunTime:0.0000s ]
SQL: SELECT `shopname` FROM `pt_shop` WHERE `id` = 22 AND (  status=1 ) LIMIT 1   [ RunTime:0.0000s ]
SQL: SELECT `shopname` FROM `pt_shop` WHERE `id` = 103 AND (  status=1 ) LIMIT 1   [ RunTime:0.0010s ]
SQL: SELECT * FROM `pt_shop` WHERE `openid` = 'oixoqxEe4bsMlrrypS3mIUmjOieQ' LIMIT 1   [ RunTime:0.0000s ]
NOTIC: [8] Undefined variable: user D:\phpStudy\WWW\wx_project\Application\Index\Controller\IndexController.class.php 第 34 行.

[ 2017-04-20T10:48:20+08:00 ] 127.0.0.1 /index.php/index/index/index
INFO: [ app_init ] --START--
INFO: Run Behavior\BuildLiteBehavior [ RunTime:0.000000s ]
INFO: [ app_init ] --END-- [ RunTime:0.001000s ]
INFO: [ app_begin ] --START--
INFO: Run Behavior\ReadHtmlCacheBehavior [ RunTime:0.001000s ]
INFO: [ app_begin ] --END-- [ RunTime:0.001000s ]
NOTIC: [8] Undefined index: echostr D:\phpStudy\WWW\wx_project\ThinkPHP\Library\Vendor\wx_sample.php 第 15 行.
NOTIC: [8] Undefined index: signature D:\phpStudy\WWW\wx_project\ThinkPHP\Library\Vendor\wx_sample.php 第 63 行.
NOTIC: [8] Undefined index: timestamp D:\phpStudy\WWW\wx_project\ThinkPHP\Library\Vendor\wx_sample.php 第 64 行.
NOTIC: [8] Undefined index: nonce D:\phpStudy\WWW\wx_project\ThinkPHP\Library\Vendor\wx_sample.php 第 65 行.
NOTIC: [8] Undefined index: echostr D:\phpStudy\WWW\wx_project\ThinkPHP\Library\Vendor\wx_sample.php 第 15 行.
NOTIC: [8] Undefined index: signature D:\phpStudy\WWW\wx_project\ThinkPHP\Library\Vendor\wx_sample.php 第 63 行.
NOTIC: [8] Undefined index: timestamp D:\phpStudy\WWW\wx_project\ThinkPHP\Library\Vendor\wx_sample.php 第 64 行.
NOTIC: [8] Undefined index: nonce D:\phpStudy\WWW\wx_project\ThinkPHP\Library\Vendor\wx_sample.php 第 65 行.
SQL: SHOW COLUMNS FROM `pt_goods` [ RunTime:0.0060s ]
SQL: SHOW COLUMNS FROM `pt_banner` [ RunTime:0.0050s ]
SQL: SHOW COLUMNS FROM `pt_shop` [ RunTime:0.0070s ]
SQL: SHOW COLUMNS FROM `pt_user` [ RunTime:0.0060s ]
SQL: SELECT * FROM `pt_goods` WHERE `status` = 1  [ RunTime:0.0010s ]
SQL: SELECT `shopname` FROM `pt_shop` WHERE `id` = 94 AND (  status=1 ) LIMIT 1   [ RunTime:0.0000s ]
SQL: SELECT `shopname` FROM `pt_shop` WHERE `id` = 22 AND (  status=1 ) LIMIT 1   [ RunTime:0.0000s ]
SQL: SELECT `shopname` FROM `pt_shop` WHERE `id` = 103 AND (  status=1 ) LIMIT 1   [ RunTime:0.0000s ]
SQL: SELECT * FROM `pt_shop` WHERE `openid` = 'oixoqxEe4bsMlrrypS3mIUmjOieQ' LIMIT 1   [ RunTime:0.0000s ]
SQL: SELECT * FROM `pt_user` WHERE `openid` = 'oixoqxEe4bsMlrrypS3mIUmjOieQ' LIMIT 1   [ RunTime:0.0000s ]

[ 2017-04-20T10:48:44+08:00 ] 127.0.0.1 /index.php/index/index/index
INFO: [ app_init ] --START--
INFO: Run Behavior\BuildLiteBehavior [ RunTime:0.000000s ]
INFO: [ app_init ] --END-- [ RunTime:0.001000s ]
INFO: [ app_begin ] --START--
INFO: Run Behavior\ReadHtmlCacheBehavior [ RunTime:0.001000s ]
INFO: [ app_begin ] --END-- [ RunTime:0.001000s ]
NOTIC: [8] Undefined index: echostr D:\phpStudy\WWW\wx_project\ThinkPHP\Library\Vendor\wx_sample.php 第 15 行.
NOTIC: [8] Undefined index: signature D:\phpStudy\WWW\wx_project\ThinkPHP\Library\Vendor\wx_sample.php 第 63 行.
NOTIC: [8] Undefined index: timestamp D:\phpStudy\WWW\wx_project\ThinkPHP\Library\Vendor\wx_sample.php 第 64 行.
NOTIC: [8] Undefined index: nonce D:\phpStudy\WWW\wx_project\ThinkPHP\Library\Vendor\wx_sample.php 第 65 行.
NOTIC: [8] Undefined index: echostr D:\phpStudy\WWW\wx_project\ThinkPHP\Library\Vendor\wx_sample.php 第 15 行.
NOTIC: [8] Undefined index: signature D:\phpStudy\WWW\wx_project\ThinkPHP\Library\Vendor\wx_sample.php 第 63 行.
NOTIC: [8] Undefined index: timestamp D:\phpStudy\WWW\wx_project\ThinkPHP\Library\Vendor\wx_sample.php 第 64 行.
NOTIC: [8] Undefined index: nonce D:\phpStudy\WWW\wx_project\ThinkPHP\Library\Vendor\wx_sample.php 第 65 行.
SQL: SHOW COLUMNS FROM `pt_goods` [ RunTime:0.0080s ]
SQL: SHOW COLUMNS FROM `pt_banner` [ RunTime:0.0100s ]
SQL: SHOW COLUMNS FROM `pt_shop` [ RunTime:0.0070s ]
SQL: SHOW COLUMNS FROM `pt_user` [ RunTime:0.0080s ]
SQL: SELECT * FROM `pt_goods` WHERE `status` = 1  [ RunTime:0.0010s ]
SQL: SELECT `shopname` FROM `pt_shop` WHERE `id` = 94 AND (  status=1 ) LIMIT 1   [ RunTime:0.0010s ]
SQL: SELECT `shopname` FROM `pt_shop` WHERE `id` = 22 AND (  status=1 ) LIMIT 1   [ RunTime:0.0000s ]
SQL: SELECT `shopname` FROM `pt_shop` WHERE `id` = 103 AND (  status=1 ) LIMIT 1   [ RunTime:0.0000s ]
SQL: SELECT * FROM `pt_shop` WHERE `openid` = 'oixoqxEe4bsMlrrypS3mIUmjOiaQ' LIMIT 1   [ RunTime:0.0010s ]
SQL: SELECT * FROM `pt_user` WHERE `openid` = 'oixoqxEe4bsMlrrypS3mIUmjOiaQ' LIMIT 1   [ RunTime:0.0000s ]

[ 2017-04-20T10:53:06+08:00 ] 127.0.0.1 /index.php/index/index/index
INFO: [ app_init ] --START--
INFO: Run Behavior\BuildLiteBehavior [ RunTime:0.000000s ]
INFO: [ app_init ] --END-- [ RunTime:0.005000s ]
INFO: [ app_begin ] --START--
INFO: Run Behavior\ReadHtmlCacheBehavior [ RunTime:0.002000s ]
INFO: [ app_begin ] --END-- [ RunTime:0.002000s ]
NOTIC: [8] Undefined index: echostr D:\phpStudy\WWW\wx_project\ThinkPHP\Library\Vendor\wx_sample.php 第 15 行.
NOTIC: [8] Undefined index: signature D:\phpStudy\WWW\wx_project\ThinkPHP\Library\Vendor\wx_sample.php 第 63 行.
NOTIC: [8] Undefined index: timestamp D:\phpStudy\WWW\wx_project\ThinkPHP\Library\Vendor\wx_sample.php 第 64 行.
NOTIC: [8] Undefined index: nonce D:\phpStudy\WWW\wx_project\ThinkPHP\Library\Vendor\wx_sample.php 第 65 行.
NOTIC: [8] Undefined index: echostr D:\phpStudy\WWW\wx_project\ThinkPHP\Library\Vendor\wx_sample.php 第 15 行.
NOTIC: [8] Undefined index: signature D:\phpStudy\WWW\wx_project\ThinkPHP\Library\Vendor\wx_sample.php 第 63 行.
NOTIC: [8] Undefined index: timestamp D:\phpStudy\WWW\wx_project\ThinkPHP\Library\Vendor\wx_sample.php 第 64 行.
NOTIC: [8] Undefined index: nonce D:\phpStudy\WWW\wx_project\ThinkPHP\Library\Vendor\wx_sample.php 第 65 行.
SQL: SHOW COLUMNS FROM `pt_goods` [ RunTime:0.0090s ]
SQL: SHOW COLUMNS FROM `pt_banner` [ RunTime:0.0090s ]
SQL: SHOW COLUMNS FROM `pt_shop` [ RunTime:0.0100s ]
SQL: SHOW COLUMNS FROM `pt_user` [ RunTime:0.0110s ]
SQL: SELECT * FROM `pt_goods` WHERE `status` = 1  [ RunTime:0.0020s ]
SQL: SELECT `shopname` FROM `pt_shop` WHERE `id` = 94 AND (  status=1 ) LIMIT 1   [ RunTime:0.0010s ]
SQL: SELECT `shopname` FROM `pt_shop` WHERE `id` = 22 AND (  status=1 ) LIMIT 1   [ RunTime:0.0010s ]
SQL: SELECT `shopname` FROM `pt_shop` WHERE `id` = 103 AND (  status=1 ) LIMIT 1   [ RunTime:0.0010s ]
SQL: SELECT * FROM `pt_shop` WHERE `openid` = 'oixoqxEe4bsMlrrypS3mIUmjOiaQ' LIMIT 1   [ RunTime:0.0010s ]
SQL: SELECT * FROM `pt_user` WHERE `openid` = 'oixoqxEe4bsMlrrypS3mIUmjOiaQ' LIMIT 1   [ RunTime:0.0000s ]
SQL: SELECT * FROM `pt_banner` LIMIT 1   [ RunTime:0.0000s ]
INFO: [ view_parse ] --START--
INFO: [ template_filter ] --START--
INFO: Run Behavior\ContentReplaceBehavior [ RunTime:0.001000s ]
INFO: [ template_filter ] --END-- [ RunTime:0.001000s ]
INFO: Run Behavior\ParseTemplateBehavior [ RunTime:0.020002s ]
INFO: [ view_parse ] --END-- [ RunTime:0.020002s ]
INFO: [ view_filter ] --START--
INFO: Run Behavior\WriteHtmlCacheBehavior [ RunTime:0.001000s ]
INFO: [ view_filter ] --END-- [ RunTime:0.002000s ]
INFO: [ app_end ] --START--
INFO: Run Behavior\ShowPageTraceBehavior [ RunTime:0.002000s ]
INFO: [ app_end ] --END-- [ RunTime:0.002000s ]

[ 2017-04-20T10:53:13+08:00 ] 127.0.0.1 /index.php/index/index/index
INFO: [ app_init ] --START--
INFO: Run Behavior\BuildLiteBehavior [ RunTime:0.000000s ]
INFO: [ app_init ] --END-- [ RunTime:0.001000s ]
INFO: [ app_begin ] --START--
INFO: Run Behavior\ReadHtmlCacheBehavior [ RunTime:0.002000s ]
INFO: [ app_begin ] --END-- [ RunTime:0.002000s ]
NOTIC: [8] Undefined index: echostr D:\phpStudy\WWW\wx_project\ThinkPHP\Library\Vendor\wx_sample.php 第 15 行.
NOTIC: [8] Undefined index: signature D:\phpStudy\WWW\wx_project\ThinkPHP\Library\Vendor\wx_sample.php 第 63 行.
NOTIC: [8] Undefined index: timestamp D:\phpStudy\WWW\wx_project\ThinkPHP\Library\Vendor\wx_sample.php 第 64 行.
NOTIC: [8] Undefined index: nonce D:\phpStudy\WWW\wx_project\ThinkPHP\Library\Vendor\wx_sample.php 第 65 行.
NOTIC: [8] Undefined index: echostr D:\phpStudy\WWW\wx_project\ThinkPHP\Library\Vendor\wx_sample.php 第 15 行.
NOTIC: [8] Undefined index: signature D:\phpStudy\WWW\wx_project\ThinkPHP\Library\Vendor\wx_sample.php 第 63 行.
NOTIC: [8] Undefined index: timestamp D:\phpStudy\WWW\wx_project\ThinkPHP\Library\Vendor\wx_sample.php 第 64 行.
NOTIC: [8] Undefined index: nonce D:\phpStudy\WWW\wx_project\ThinkPHP\Library\Vendor\wx_sample.php 第 65 行.
SQL: SHOW COLUMNS FROM `pt_goods` [ RunTime:0.0090s ]
SQL: SHOW COLUMNS FROM `pt_banner` [ RunTime:0.0100s ]
SQL: SHOW COLUMNS FROM `pt_shop` [ RunTime:0.0110s ]
SQL: SHOW COLUMNS FROM `pt_user` [ RunTime:0.0110s ]
SQL: SELECT * FROM `pt_goods` WHERE `status` = 1  [ RunTime:0.0030s ]
SQL: SELECT `shopname` FROM `pt_shop` WHERE `id` = 94 AND (  status=1 ) LIMIT 1   [ RunTime:0.0000s ]
SQL: SELECT `shopname` FROM `pt_shop` WHERE `id` = 22 AND (  status=1 ) LIMIT 1   [ RunTime:0.0000s ]
SQL: SELECT `shopname` FROM `pt_shop` WHERE `id` = 103 AND (  status=1 ) LIMIT 1   [ RunTime:0.0000s ]
SQL: SELECT * FROM `pt_shop` WHERE `openid` = 'oixoqxEe4bsMlrrypS3mIUmjOiaQ' LIMIT 1   [ RunTime:0.0010s ]
SQL: SELECT * FROM `pt_user` WHERE `openid` = 'oixoqxEe4bsMlrrypS3mIUmjOiaQ' LIMIT 1   [ RunTime:0.0010s ]
SQL: SELECT * FROM `pt_banner` LIMIT 1   [ RunTime:0.0010s ]
INFO: [ view_parse ] --START--
INFO: [ template_filter ] --START--
INFO: Run Behavior\ContentReplaceBehavior [ RunTime:0.000000s ]
INFO: [ template_filter ] --END-- [ RunTime:0.000000s ]
INFO: Run Behavior\ParseTemplateBehavior [ RunTime:0.016001s ]
INFO: [ view_parse ] --END-- [ RunTime:0.016001s ]
INFO: [ view_filter ] --START--
INFO: Run Behavior\WriteHtmlCacheBehavior [ RunTime:0.000000s ]
INFO: [ view_filter ] --END-- [ RunTime:0.001000s ]
INFO: [ app_end ] --START--
INFO: Run Behavior\ShowPageTraceBehavior [ RunTime:0.001000s ]
INFO: [ app_end ] --END-- [ RunTime:0.001000s ]

[ 2017-04-20T10:53:38+08:00 ] 127.0.0.1 /index.php/index/index/index
INFO: [ app_init ] --START--
INFO: Run Behavior\BuildLiteBehavior [ RunTime:0.000000s ]
INFO: [ app_init ] --END-- [ RunTime:0.001000s ]
INFO: [ app_begin ] --START--
INFO: Run Behavior\ReadHtmlCacheBehavior [ RunTime:0.001000s ]
INFO: [ app_begin ] --END-- [ RunTime:0.001000s ]
NOTIC: [8] Undefined index: echostr D:\phpStudy\WWW\wx_project\ThinkPHP\Library\Vendor\wx_sample.php 第 15 行.
NOTIC: [8] Undefined index: signature D:\phpStudy\WWW\wx_project\ThinkPHP\Library\Vendor\wx_sample.php 第 63 行.
NOTIC: [8] Undefined index: timestamp D:\phpStudy\WWW\wx_project\ThinkPHP\Library\Vendor\wx_sample.php 第 64 行.
NOTIC: [8] Undefined index: nonce D:\phpStudy\WWW\wx_project\ThinkPHP\Library\Vendor\wx_sample.php 第 65 行.
NOTIC: [8] Undefined index: echostr D:\phpStudy\WWW\wx_project\ThinkPHP\Library\Vendor\wx_sample.php 第 15 行.
NOTIC: [8] Undefined index: signature D:\phpStudy\WWW\wx_project\ThinkPHP\Library\Vendor\wx_sample.php 第 63 行.
NOTIC: [8] Undefined index: timestamp D:\phpStudy\WWW\wx_project\ThinkPHP\Library\Vendor\wx_sample.php 第 64 行.
NOTIC: [8] Undefined index: nonce D:\phpStudy\WWW\wx_project\ThinkPHP\Library\Vendor\wx_sample.php 第 65 行.
SQL: SHOW COLUMNS FROM `pt_goods` [ RunTime:0.0080s ]
SQL: SHOW COLUMNS FROM `pt_banner` [ RunTime:0.0100s ]
SQL: SHOW COLUMNS FROM `pt_shop` [ RunTime:0.0070s ]
SQL: SHOW COLUMNS FROM `pt_user` [ RunTime:0.0070s ]
SQL: SELECT * FROM `pt_goods` WHERE `status` = 1  [ RunTime:0.0000s ]
SQL: SELECT `shopname` FROM `pt_shop` WHERE `id` = 94 AND (  status=1 ) LIMIT 1   [ RunTime:0.0000s ]
SQL: SELECT `shopname` FROM `pt_shop` WHERE `id` = 22 AND (  status=1 ) LIMIT 1   [ RunTime:0.0010s ]
SQL: SELECT `shopname` FROM `pt_shop` WHERE `id` = 103 AND (  status=1 ) LIMIT 1   [ RunTime:0.0000s ]
SQL: SELECT * FROM `pt_shop` WHERE `openid` = 'oixoqxEe4bsMlrrypS3mIUmjOiaQ' LIMIT 1   [ RunTime:0.0010s ]
SQL: SELECT * FROM `pt_user` WHERE `openid` = 'oixoqxEe4bsMlrrypS3mIUmjOiaQ' LIMIT 1   [ RunTime:0.0000s ]
SQL: SELECT * FROM `pt_banner` LIMIT 1   [ RunTime:0.0000s ]

[ 2017-04-20T10:53:56+08:00 ] 127.0.0.1 /index.php/index/index/index
INFO: [ app_init ] --START--
INFO: Run Behavior\BuildLiteBehavior [ RunTime:0.000000s ]
INFO: [ app_init ] --END-- [ RunTime:0.001000s ]
INFO: [ app_begin ] --START--
INFO: Run Behavior\ReadHtmlCacheBehavior [ RunTime:0.002000s ]
INFO: [ app_begin ] --END-- [ RunTime:0.002000s ]
NOTIC: [8] Undefined index: echostr D:\phpStudy\WWW\wx_project\ThinkPHP\Library\Vendor\wx_sample.php 第 15 行.
NOTIC: [8] Undefined index: signature D:\phpStudy\WWW\wx_project\ThinkPHP\Library\Vendor\wx_sample.php 第 63 行.
NOTIC: [8] Undefined index: timestamp D:\phpStudy\WWW\wx_project\ThinkPHP\Library\Vendor\wx_sample.php 第 64 行.
NOTIC: [8] Undefined index: nonce D:\phpStudy\WWW\wx_project\ThinkPHP\Library\Vendor\wx_sample.php 第 65 行.
NOTIC: [8] Undefined index: echostr D:\phpStudy\WWW\wx_project\ThinkPHP\Library\Vendor\wx_sample.php 第 15 行.
NOTIC: [8] Undefined index: signature D:\phpStudy\WWW\wx_project\ThinkPHP\Library\Vendor\wx_sample.php 第 63 行.
NOTIC: [8] Undefined index: timestamp D:\phpStudy\WWW\wx_project\ThinkPHP\Library\Vendor\wx_sample.php 第 64 行.
NOTIC: [8] Undefined index: nonce D:\phpStudy\WWW\wx_project\ThinkPHP\Library\Vendor\wx_sample.php 第 65 行.
SQL: SHOW COLUMNS FROM `pt_goods` [ RunTime:0.0100s ]
SQL: SHOW COLUMNS FROM `pt_banner` [ RunTime:0.0080s ]
SQL: SHOW COLUMNS FROM `pt_shop` [ RunTime:0.0090s ]
SQL: SHOW COLUMNS FROM `pt_user` [ RunTime:0.0110s ]
SQL: SELECT * FROM `pt_goods` WHERE `status` = 1  [ RunTime:0.0010s ]
SQL: SELECT `shopname` FROM `pt_shop` WHERE `id` = 94 AND (  status=1 ) LIMIT 1   [ RunTime:0.0010s ]
SQL: SELECT `shopname` FROM `pt_shop` WHERE `id` = 22 AND (  status=1 ) LIMIT 1   [ RunTime:0.0010s ]
SQL: SELECT `shopname` FROM `pt_shop` WHERE `id` = 103 AND (  status=1 ) LIMIT 1   [ RunTime:0.0010s ]
SQL: SELECT * FROM `pt_shop` WHERE `openid` = 'oixoqxEe4bsMlrrypS3mIUmjOiaQ' LIMIT 1   [ RunTime:0.0000s ]
SQL: SELECT * FROM `pt_user` WHERE `openid` = 'oixoqxEe4bsMlrrypS3mIUmjOiaQ' LIMIT 1   [ RunTime:0.0010s ]
SQL: SELECT * FROM `pt_banner` LIMIT 1   [ RunTime:0.0000s ]
INFO: [ view_parse ] --START--
INFO: [ template_filter ] --START--
INFO: Run Behavior\ContentReplaceBehavior [ RunTime:0.000000s ]
INFO: [ template_filter ] --END-- [ RunTime:0.000000s ]
INFO: Run Behavior\ParseTemplateBehavior [ RunTime:0.015001s ]
INFO: [ view_parse ] --END-- [ RunTime:0.015001s ]
INFO: [ view_filter ] --START--
INFO: Run Behavior\WriteHtmlCacheBehavior [ RunTime:0.001000s ]
INFO: [ view_filter ] --END-- [ RunTime:0.001000s ]
INFO: [ app_end ] --START--
INFO: Run Behavior\ShowPageTraceBehavior [ RunTime:0.001000s ]
INFO: [ app_end ] --END-- [ RunTime:0.001000s ]

[ 2017-04-20T10:53:58+08:00 ] 127.0.0.1 /index.php/index/index/showboss/id/94.html
INFO: [ app_init ] --START--
INFO: Run Behavior\BuildLiteBehavior [ RunTime:0.000000s ]
INFO: [ app_init ] --END-- [ RunTime:0.001000s ]
INFO: [ app_begin ] --START--
INFO: Run Behavior\ReadHtmlCacheBehavior [ RunTime:0.003000s ]
INFO: [ app_begin ] --END-- [ RunTime:0.003000s ]
SQL: SHOW COLUMNS FROM `pt_user` [ RunTime:0.0090s ]
SQL: SHOW COLUMNS FROM `pt_order` [ RunTime:0.0130s ]
SQL: SHOW COLUMNS FROM `pt_shop` [ RunTime:0.0090s ]
SQL: SELECT * FROM `pt_shop` WHERE ( id =94 ) LIMIT 1   [ RunTime:0.0010s ]
SQL: SELECT * FROM `pt_user` WHERE ( sid =94 ) ORDER BY `id` desc  [ RunTime:0.0000s ]
SQL: SELECT * FROM `pt_order` WHERE `share_openid` = 'oixoqxEe4bsMlrrypS3mIUmjOieQ' AND `status` = 2  [ RunTime:0.0010s ]
SQL: SELECT * FROM `pt_order` WHERE `share_openid` = 'oixoqxEe4bsMlrrypS3mIUmjOieQ' AND `status` = 2  [ RunTime:0.0010s ]
SQL: SELECT * FROM `pt_order` WHERE `share_openid` = 'oixoqxEe4bsMlrrypS3mIUmjOiaQ' AND `status` = 2  [ RunTime:0.0010s ]
INFO: [ view_parse ] --START--
INFO: [ template_filter ] --START--
INFO: Run Behavior\ContentReplaceBehavior [ RunTime:0.000000s ]
INFO: [ template_filter ] --END-- [ RunTime:0.000000s ]
INFO: Run Behavior\ParseTemplateBehavior [ RunTime:0.018001s ]
INFO: [ view_parse ] --END-- [ RunTime:0.018001s ]
INFO: [ view_filter ] --START--
INFO: Run Behavior\WriteHtmlCacheBehavior [ RunTime:0.001000s ]
INFO: [ view_filter ] --END-- [ RunTime:0.001000s ]
INFO: [ app_end ] --START--
INFO: Run Behavior\ShowPageTraceBehavior [ RunTime:0.002000s ]
INFO: [ app_end ] --END-- [ RunTime:0.002000s ]

[ 2017-04-20T10:54:20+08:00 ] 127.0.0.1 /index.php/index/index/index
INFO: [ app_init ] --START--
INFO: Run Behavior\BuildLiteBehavior [ RunTime:0.000000s ]
INFO: [ app_init ] --END-- [ RunTime:0.001000s ]
INFO: [ app_begin ] --START--
INFO: Run Behavior\ReadHtmlCacheBehavior [ RunTime:0.002000s ]
INFO: [ app_begin ] --END-- [ RunTime:0.002000s ]
NOTIC: [8] Undefined index: echostr D:\phpStudy\WWW\wx_project\ThinkPHP\Library\Vendor\wx_sample.php 第 15 行.
NOTIC: [8] Undefined index: signature D:\phpStudy\WWW\wx_project\ThinkPHP\Library\Vendor\wx_sample.php 第 63 行.
NOTIC: [8] Undefined index: timestamp D:\phpStudy\WWW\wx_project\ThinkPHP\Library\Vendor\wx_sample.php 第 64 行.
NOTIC: [8] Undefined index: nonce D:\phpStudy\WWW\wx_project\ThinkPHP\Library\Vendor\wx_sample.php 第 65 行.
NOTIC: [8] Undefined index: echostr D:\phpStudy\WWW\wx_project\ThinkPHP\Library\Vendor\wx_sample.php 第 15 行.
NOTIC: [8] Undefined index: signature D:\phpStudy\WWW\wx_project\ThinkPHP\Library\Vendor\wx_sample.php 第 63 行.
NOTIC: [8] Undefined index: timestamp D:\phpStudy\WWW\wx_project\ThinkPHP\Library\Vendor\wx_sample.php 第 64 行.
NOTIC: [8] Undefined index: nonce D:\phpStudy\WWW\wx_project\ThinkPHP\Library\Vendor\wx_sample.php 第 65 行.
SQL: SHOW COLUMNS FROM `pt_goods` [ RunTime:0.0090s ]
SQL: SHOW COLUMNS FROM `pt_banner` [ RunTime:0.0080s ]
SQL: SHOW COLUMNS FROM `pt_shop` [ RunTime:0.0080s ]
SQL: SHOW COLUMNS FROM `pt_user` [ RunTime:0.0200s ]
SQL: SELECT * FROM `pt_goods` WHERE `status` = 1  [ RunTime:0.0010s ]
SQL: SELECT `shopname` FROM `pt_shop` WHERE `id` = 94 AND (  status=1 ) LIMIT 1   [ RunTime:0.0010s ]
SQL: SELECT `shopname` FROM `pt_shop` WHERE `id` = 22 AND (  status=1 ) LIMIT 1   [ RunTime:0.0010s ]
SQL: SELECT `shopname` FROM `pt_shop` WHERE `id` = 103 AND (  status=1 ) LIMIT 1   [ RunTime:0.0010s ]
SQL: SELECT * FROM `pt_shop` WHERE `openid` = 'oixoqxEe4bsMlrrypS3mIUmjOieQ' LIMIT 1   [ RunTime:0.0010s ]
SQL: SELECT * FROM `pt_user` WHERE `openid` = 'oixoqxEe4bsMlrrypS3mIUmjOieQ' LIMIT 1   [ RunTime:0.0010s ]
SQL: SELECT * FROM `pt_banner` LIMIT 1   [ RunTime:0.0080s ]
INFO: [ view_parse ] --START--
INFO: [ template_filter ] --START--
INFO: Run Behavior\ContentReplaceBehavior [ RunTime:0.000000s ]
INFO: [ template_filter ] --END-- [ RunTime:0.000000s ]
INFO: Run Behavior\ParseTemplateBehavior [ RunTime:0.028002s ]
INFO: [ view_parse ] --END-- [ RunTime:0.028002s ]
INFO: [ view_filter ] --START--
INFO: Run Behavior\WriteHtmlCacheBehavior [ RunTime:0.002000s ]
INFO: [ view_filter ] --END-- [ RunTime:0.002000s ]
INFO: [ app_end ] --START--
INFO: Run Behavior\ShowPageTraceBehavior [ RunTime:0.002000s ]
INFO: [ app_end ] --END-- [ RunTime:0.002000s ]

[ 2017-04-20T10:54:21+08:00 ] 127.0.0.1 /index.php/index/index/showstaff/id/1.html
INFO: [ app_init ] --START--
INFO: Run Behavior\BuildLiteBehavior [ RunTime:0.000000s ]
INFO: [ app_init ] --END-- [ RunTime:0.000000s ]
INFO: [ app_begin ] --START--
INFO: Run Behavior\ReadHtmlCacheBehavior [ RunTime:0.000000s ]
INFO: [ app_begin ] --END-- [ RunTime:0.000000s ]
SQL: SHOW COLUMNS FROM `pt_user` [ RunTime:0.0060s ]
SQL: SHOW COLUMNS FROM `pt_order` [ RunTime:0.0090s ]
SQL: SELECT `openid` FROM `pt_user` WHERE ( id =1 ) LIMIT 1   [ RunTime:0.0010s ]
SQL: SELECT * FROM `pt_order` WHERE `share_openid` = 'oixoqxEe4bsMlrrypS3mIUmjOieQ' AND `status` = 2  [ RunTime:0.0000s ]
INFO: [ view_parse ] --START--
INFO: [ template_filter ] --START--
INFO: Run Behavior\ContentReplaceBehavior [ RunTime:0.000000s ]
INFO: [ template_filter ] --END-- [ RunTime:0.000000s ]
INFO: Run Behavior\ParseTemplateBehavior [ RunTime:0.009000s ]
INFO: [ view_parse ] --END-- [ RunTime:0.009000s ]
INFO: [ view_filter ] --START--
INFO: Run Behavior\WriteHtmlCacheBehavior [ RunTime:0.001000s ]
INFO: [ view_filter ] --END-- [ RunTime:0.001000s ]
INFO: [ app_end ] --START--
INFO: Run Behavior\ShowPageTraceBehavior [ RunTime:0.001000s ]
INFO: [ app_end ] --END-- [ RunTime:0.001000s ]

[ 2017-04-20T14:05:14+08:00 ] 127.0.0.1 /index.php/index/index/index
INFO: [ app_init ] --START--
INFO: Run Behavior\BuildLiteBehavior [ RunTime:0.000000s ]
INFO: [ app_init ] --END-- [ RunTime:0.001000s ]
INFO: [ app_begin ] --START--
INFO: Run Behavior\ReadHtmlCacheBehavior [ RunTime:0.001000s ]
INFO: [ app_begin ] --END-- [ RunTime:0.001000s ]
NOTIC: [8] Undefined index: echostr D:\phpStudy\WWW\wx_project\ThinkPHP\Library\Vendor\wx_sample.php 第 15 行.
NOTIC: [8] Undefined index: signature D:\phpStudy\WWW\wx_project\ThinkPHP\Library\Vendor\wx_sample.php 第 63 行.
NOTIC: [8] Undefined index: timestamp D:\phpStudy\WWW\wx_project\ThinkPHP\Library\Vendor\wx_sample.php 第 64 行.
NOTIC: [8] Undefined index: nonce D:\phpStudy\WWW\wx_project\ThinkPHP\Library\Vendor\wx_sample.php 第 65 行.
NOTIC: [8] Undefined index: echostr D:\phpStudy\WWW\wx_project\ThinkPHP\Library\Vendor\wx_sample.php 第 15 行.
NOTIC: [8] Undefined index: signature D:\phpStudy\WWW\wx_project\ThinkPHP\Library\Vendor\wx_sample.php 第 63 行.
NOTIC: [8] Undefined index: timestamp D:\phpStudy\WWW\wx_project\ThinkPHP\Library\Vendor\wx_sample.php 第 64 行.
NOTIC: [8] Undefined index: nonce D:\phpStudy\WWW\wx_project\ThinkPHP\Library\Vendor\wx_sample.php 第 65 行.
SQL: SHOW COLUMNS FROM `pt_goods` [ RunTime:0.0070s ]
SQL: SHOW COLUMNS FROM `pt_banner` [ RunTime:0.0080s ]
SQL: SHOW COLUMNS FROM `pt_shop` [ RunTime:0.0060s ]
SQL: SHOW COLUMNS FROM `pt_user` [ RunTime:0.0100s ]
SQL: SELECT * FROM `pt_goods` WHERE `status` = 1  [ RunTime:0.0010s ]
SQL: SELECT `shopname` FROM `pt_shop` WHERE `id` = 94 AND (  status=1 ) LIMIT 1   [ RunTime:0.0000s ]
SQL: SELECT `shopname` FROM `pt_shop` WHERE `id` = 22 AND (  status=1 ) LIMIT 1   [ RunTime:0.0010s ]
SQL: SELECT `shopname` FROM `pt_shop` WHERE `id` = 103 AND (  status=1 ) LIMIT 1   [ RunTime:0.0000s ]
SQL: SELECT * FROM `pt_shop` WHERE `openid` = 'aoixoqxEe4bsMlrrypS3mIUmjOieQ' LIMIT 1   [ RunTime:0.0010s ]
SQL: SELECT * FROM `pt_user` WHERE `openid` = 'aoixoqxEe4bsMlrrypS3mIUmjOieQ' LIMIT 1   [ RunTime:0.0000s ]
SQL: SELECT * FROM `pt_banner` LIMIT 1   [ RunTime:0.0010s ]
INFO: [ view_parse ] --START--
INFO: [ template_filter ] --START--
INFO: Run Behavior\ContentReplaceBehavior [ RunTime:0.000000s ]
INFO: [ template_filter ] --END-- [ RunTime:0.001000s ]
INFO: Run Behavior\ParseTemplateBehavior [ RunTime:0.013001s ]
INFO: [ view_parse ] --END-- [ RunTime:0.013001s ]
INFO: [ view_filter ] --START--
INFO: Run Behavior\WriteHtmlCacheBehavior [ RunTime:0.001000s ]
INFO: [ view_filter ] --END-- [ RunTime:0.001000s ]
INFO: [ app_end ] --START--
INFO: Run Behavior\ShowPageTraceBehavior [ RunTime:0.001000s ]
INFO: [ app_end ] --END-- [ RunTime:0.001000s ]

