[ 2017-04-21T13:12:19+08:00 ] 127.0.0.1 /index.php/index/index/showboss/id/94.html
INFO: [ app_init ] --START--
INFO: Run Behavior\BuildLiteBehavior [ RunTime:0.000000s ]
INFO: [ app_init ] --END-- [ RunTime:0.003000s ]
INFO: [ app_begin ] --START--
INFO: Run Behavior\ReadHtmlCacheBehavior [ RunTime:0.003000s ]
INFO: [ app_begin ] --END-- [ RunTime:0.003000s ]
ERR: SQLSTATE[HY000] [1045] Access denied for user 'root'@'localhost' (using password: NO)

[ 2017-04-21T13:12:40+08:00 ] 127.0.0.1 /index.php/index/index/showboss/id/94.html
INFO: [ app_init ] --START--
INFO: Run Behavior\BuildLiteBehavior [ RunTime:0.000000s ]
INFO: [ app_init ] --END-- [ RunTime:0.002001s ]
INFO: [ app_begin ] --START--
INFO: Run Behavior\ReadHtmlCacheBehavior [ RunTime:0.004000s ]
INFO: [ app_begin ] --END-- [ RunTime:0.004000s ]
SQL: SHOW COLUMNS FROM `pt_user` [ RunTime:0.0120s ]
SQL: SHOW COLUMNS FROM `pt_order` [ RunTime:0.0100s ]
SQL: SHOW COLUMNS FROM `pt_shop` [ RunTime:0.0080s ]
SQL: SELECT * FROM `pt_shop` WHERE ( id =94 ) LIMIT 1   [ RunTime:0.0010s ]
SQL: SELECT * FROM `pt_user` WHERE ( sid =94 ) ORDER BY `id` desc  [ RunTime:0.0010s ]
SQL: SELECT * FROM `pt_order` WHERE `share_openid` = 'oixoqxEe4bsMlrrypS3mIUmjOieQ' AND `status` = 2  [ RunTime:0.0010s ]
SQL: SELECT * FROM `pt_order` WHERE `share_openid` = 'oixoqxEe4bsMlrrypS3mIUmjOieQ' AND `status` = 2  [ RunTime:0.0010s ]
SQL: SELECT * FROM `pt_order` WHERE `share_openid` = 'oixoqxEe4bsMlrrypS3mIUmjOiaQ' AND `status` = 2  [ RunTime:0.0010s ]
INFO: [ view_parse ] --START--
INFO: [ template_filter ] --START--
INFO: Run Behavior\ContentReplaceBehavior [ RunTime:0.000000s ]
INFO: [ template_filter ] --END-- [ RunTime:0.000000s ]
INFO: Run Behavior\ParseTemplateBehavior [ RunTime:0.012001s ]
INFO: [ view_parse ] --END-- [ RunTime:0.012001s ]
INFO: [ view_filter ] --START--
INFO: Run Behavior\WriteHtmlCacheBehavior [ RunTime:0.001000s ]
INFO: [ view_filter ] --END-- [ RunTime:0.001000s ]
INFO: [ app_end ] --START--
INFO: Run Behavior\ShowPageTraceBehavior [ RunTime:0.002000s ]
INFO: [ app_end ] --END-- [ RunTime:0.002000s ]

[ 2017-04-21T13:13:07+08:00 ] 127.0.0.1 /index.php/index/index/index
INFO: [ app_init ] --START--
INFO: Run Behavior\BuildLiteBehavior [ RunTime:0.000000s ]
INFO: [ app_init ] --END-- [ RunTime:0.001000s ]
INFO: [ app_begin ] --START--
INFO: Run Behavior\ReadHtmlCacheBehavior [ RunTime:0.002000s ]
INFO: [ app_begin ] --END-- [ RunTime:0.002000s ]
NOTIC: [8] Undefined index: echostr D:\phpStudy\WWW\wx_project\ThinkPHP\Library\Vendor\wx_sample.php 第 15 行.
NOTIC: [8] Undefined index: signature D:\phpStudy\WWW\wx_project\ThinkPHP\Library\Vendor\wx_sample.php 第 63 行.
NOTIC: [8] Undefined index: timestamp D:\phpStudy\WWW\wx_project\ThinkPHP\Library\Vendor\wx_sample.php 第 64 行.
NOTIC: [8] Undefined index: nonce D:\phpStudy\WWW\wx_project\ThinkPHP\Library\Vendor\wx_sample.php 第 65 行.
NOTIC: [8] Undefined index: echostr D:\phpStudy\WWW\wx_project\ThinkPHP\Library\Vendor\wx_sample.php 第 15 行.
NOTIC: [8] Undefined index: signature D:\phpStudy\WWW\wx_project\ThinkPHP\Library\Vendor\wx_sample.php 第 63 行.
NOTIC: [8] Undefined index: timestamp D:\phpStudy\WWW\wx_project\ThinkPHP\Library\Vendor\wx_sample.php 第 64 行.
NOTIC: [8] Undefined index: nonce D:\phpStudy\WWW\wx_project\ThinkPHP\Library\Vendor\wx_sample.php 第 65 行.

[ 2017-04-21T13:13:57+08:00 ] 127.0.0.1 /index.php/index/index/index
INFO: [ app_init ] --START--
INFO: Run Behavior\BuildLiteBehavior [ RunTime:0.000000s ]
INFO: [ app_init ] --END-- [ RunTime:0.001000s ]
INFO: [ app_begin ] --START--
INFO: Run Behavior\ReadHtmlCacheBehavior [ RunTime:0.002000s ]
INFO: [ app_begin ] --END-- [ RunTime:0.002000s ]
NOTIC: [8] Undefined index: echostr D:\phpStudy\WWW\wx_project\ThinkPHP\Library\Vendor\wx_sample.php 第 15 行.
NOTIC: [8] Undefined index: signature D:\phpStudy\WWW\wx_project\ThinkPHP\Library\Vendor\wx_sample.php 第 63 行.
NOTIC: [8] Undefined index: timestamp D:\phpStudy\WWW\wx_project\ThinkPHP\Library\Vendor\wx_sample.php 第 64 行.
NOTIC: [8] Undefined index: nonce D:\phpStudy\WWW\wx_project\ThinkPHP\Library\Vendor\wx_sample.php 第 65 行.
NOTIC: [8] Undefined index: echostr D:\phpStudy\WWW\wx_project\ThinkPHP\Library\Vendor\wx_sample.php 第 15 行.
NOTIC: [8] Undefined index: signature D:\phpStudy\WWW\wx_project\ThinkPHP\Library\Vendor\wx_sample.php 第 63 行.
NOTIC: [8] Undefined index: timestamp D:\phpStudy\WWW\wx_project\ThinkPHP\Library\Vendor\wx_sample.php 第 64 行.
NOTIC: [8] Undefined index: nonce D:\phpStudy\WWW\wx_project\ThinkPHP\Library\Vendor\wx_sample.php 第 65 行.
NOTIC: [8] Constant APPID already defined D:\phpStudy\WWW\wx_project\Application\Index\Controller\ShareController.class.php 第 5 行.
NOTIC: [8] Constant APPSECRET already defined D:\phpStudy\WWW\wx_project\Application\Index\Controller\ShareController.class.php 第 6 行.
NOTIC: [2] file_put_contents(./Wx/access_token): failed to open stream: No such file or directory D:\phpStudy\WWW\wx_project\Application\Index\Controller\ShareController.class.php 第 121 行.
NOTIC: [2] file_put_contents(./Wx/js_token): failed to open stream: No such file or directory D:\phpStudy\WWW\wx_project\Application\Index\Controller\ShareController.class.php 第 42 行.
SQL: SHOW COLUMNS FROM `pt_goods` [ RunTime:0.0110s ]
SQL: SHOW COLUMNS FROM `pt_banner` [ RunTime:0.0280s ]
SQL: SHOW COLUMNS FROM `pt_shop` [ RunTime:0.0120s ]
SQL: SHOW COLUMNS FROM `pt_user` [ RunTime:0.0110s ]
NOTIC: [8] Undefined variable: state D:\phpStudy\WWW\wx_project\Application\Index\Controller\IndexController.class.php 第 84 行.
INFO: [ app_end ] --START--
INFO: Run Behavior\ShowPageTraceBehavior [ RunTime:0.004000s ]
INFO: [ app_end ] --END-- [ RunTime:0.004000s ]

